Arguments: 
  /usr/local/lib/node_modules/node/bin/node /usr/local/bin/yarn add -D nodemon

PATH: 
  /usr/local/bin:/usr/bin:/bin:/usr/sbin:/sbin:/usr/local/go/bin:/usr/local/MacGPG2/bin:/Users/mac/Documents/golang/golib/bin

Yarn version: 
  1.13.0

Node version: 
  12.10.0

Platform: 
  darwin x64

Trace: 
  SyntaxError: /Users/mac/Documents/Learning/restful-api/package.json: Unexpected token } in JSON at position 314
      at JSON.parse (<anonymous>)
      at /usr/local/lib/node_modules/yarn/lib/cli.js:1625:59
      at Generator.next (<anonymous>)
      at step (/usr/local/lib/node_modules/yarn/lib/cli.js:304:30)
      at /usr/local/lib/node_modules/yarn/lib/cli.js:315:13

npm manifest: 
  {
    "name": "restful-api",
    "version": "1.0.0",
    "main": "index.js",
    "repository": "https://github.com/adhitamafikri/restful-mongo.git",
    "author": "adhitamafikri <adhitamafikri@gmail.com>",
    "license": "MIT",
    "scripts": {
      "start": "node_modules/nodemon/bin/nodemon.js --exec babel-node src/app.js",
    }
  }

yarn manifest: 
  No manifest

Lockfile: 
  No lockfile
